<?xml version="1.0" encoding="UTF-8"?>
<!-- Generated by org.testng.reporters.JUnitReportReporter -->
<testsuite hostname="Sumathi" failures="2" tests="5" name="testRunner.TestNGTestRunner" time="42.431" errors="0" timestamp="2022-06-02T19:17:08 MDT" skipped="0">
  <testcase classname="testRunner.TestNGTestRunner" name="runScenario" time="18.177"/>
  <system-out/>
  <testcase classname="testRunner.TestNGTestRunner" name="runScenario" time="5.304"/>
  <system-out/>
  <testcase classname="testRunner.TestNGTestRunner" name="runScenario" time="7.188">
    <failure message="expected [null] but found [No data]" type="java.lang.AssertionError">
      <![CDATA[java.lang.AssertionError: expected [null] but found [No data]
at org.testng.Assert.fail(Assert.java:110)
at org.testng.Assert.failNotEquals(Assert.java:1413)
at org.testng.Assert.assertEqualsImpl(Assert.java:149)
at org.testng.Assert.assertEquals(Assert.java:131)
at org.testng.Assert.assertEquals(Assert.java:655)
at org.testng.Assert.assertEquals(Assert.java:665)
at stepDefinitions.OfferStepDef.user_check_if_the_product_exists(OfferStepDef.java:68)
at ✽.User check if the product exists Beet(file:///C:/Users/nsuma/OneDrive/Desktop/Selenium%20Workspace/Cucumber/src/test/java/Feature/Offer.feature:12)
]]>
    </failure>
  </testcase> <!-- runScenario -->
  <system-out/>
  <testcase classname="testRunner.TestNGTestRunner" name="runScenario" time="7.253">
    <failure message="expected [null] but found [Tomato]" type="java.lang.AssertionError">
      <![CDATA[java.lang.AssertionError: expected [null] but found [Tomato]
at org.testng.Assert.fail(Assert.java:110)
at org.testng.Assert.failNotEquals(Assert.java:1413)
at org.testng.Assert.assertEqualsImpl(Assert.java:149)
at org.testng.Assert.assertEquals(Assert.java:131)
at org.testng.Assert.assertEquals(Assert.java:655)
at org.testng.Assert.assertEquals(Assert.java:665)
at stepDefinitions.OfferStepDef.user_check_if_the_product_exists(OfferStepDef.java:68)
at ✽.User check if the product exists Tom(file:///C:/Users/nsuma/OneDrive/Desktop/Selenium%20Workspace/Cucumber/src/test/java/Feature/Offer.feature:12)
]]>
    </failure>
  </testcase> <!-- runScenario -->
  <system-out/>
  <testcase classname="testRunner.TestNGTestRunner" name="runScenario" time="4.509"/>
  <system-out/>
</testsuite> <!-- testRunner.TestNGTestRunner -->
